<?xml version="1.0" encoding="UTF-8"?>
<!-- Generated by org.testng.reporters.JUnitReportReporter -->
<testsuite skipped="0" hostname="HP-PC" name="com.crm.qa.testcases.LoginPageTest" tests="3" failures="0" timestamp="04 Jul 2018 13:20:52 GMT" time="127.832" errors="0">
  <testcase name="loginPageTitleTest" time="39.211" classname="com.crm.qa.testcases.LoginPageTest"/>
  <testcase name="crmLogoImgTest" time="41.197" classname="com.crm.qa.testcases.LoginPageTest"/>
  <testcase name="loginTest" time="47.424" classname="com.crm.qa.testcases.LoginPageTest"/>
</testsuite> <!-- com.crm.qa.testcases.LoginPageTest -->
